# JRE version: Java(TM) SE Runtime Environment (8.0_121-b13) (build 1.8.0_121-b13)
# Java VM: Java HotSpot(TM) 64-Bit Server VM (25.121-b13 mixed mode windows-amd64 compressed oops)
Heap:
 PSYoungGen      total 176128K, used 6171K [0x00000000e0900000, 0x00000000ec100000, 0x0000000100000000)
  eden space 166912K, 3% used [0x00000000e0900000,0x00000000e0f06d98,0x00000000eac00000)
  from space 9216K, 0% used [0x00000000eb700000,0x00000000eb700000,0x00000000ec000000)
  to   space 10752K, 0% used [0x00000000eac00000,0x00000000eac00000,0x00000000eb680000)
 ParOldGen       total 41472K, used 19397K [0x00000000a1a00000, 0x00000000a4280000, 0x00000000e0900000)
  object space 41472K, 46% used [0x00000000a1a00000,0x00000000a2cf1540,0x00000000a4280000)
 Metaspace       used 33731K, capacity 35434K, committed 35712K, reserved 1079296K
  class space    used 4547K, capacity 4882K, committed 4992K, reserved 1048576K
GC Heap History (10 events):
Event: 16.268 GC heap before
{Heap before GC invocations=8 (full 1):
 PSYoungGen      total 103936K, used 96758K [0x00000000e0900000, 0x00000000e7a00000, 0x0000000100000000)
  eden space 96768K, 99% used [0x00000000e0900000,0x00000000e677db60,0x00000000e6780000)
  from space 7168K, 0% used [0x00000000e7000000,0x00000000e7000000,0x00000000e7700000)
  to   space 8704K, 0% used [0x00000000e6780000,0x00000000e6780000,0x00000000e7000000)
 ParOldGen       total 41472K, used 8251K [0x00000000a1a00000, 0x00000000a4280000, 0x00000000e0900000)
  object space 41472K, 19% used [0x00000000a1a00000,0x00000000a220ee78,0x00000000a4280000)
 Metaspace       used 24232K, capacity 24964K, committed 25216K, reserved 1071104K
  class space    used 3196K, capacity 3425K, committed 3456K, reserved 1048576K
Event: 16.292 GC heap after
Heap after GC invocations=8 (full 1):
 PSYoungGen      total 105472K, used 6835K [0x00000000e0900000, 0x00000000ec000000, 0x0000000100000000)
  eden space 96768K, 0% used [0x00000000e0900000,0x00000000e0900000,0x00000000e6780000)
  from space 8704K, 78% used [0x00000000e6780000,0x00000000e6e2cc38,0x00000000e7000000)
  to   space 9216K, 0% used [0x00000000eb700000,0x00000000eb700000,0x00000000ec000000)
 ParOldGen       total 41472K, used 8259K [0x00000000a1a00000, 0x00000000a4280000, 0x00000000e0900000)
  object space 41472K, 19% used [0x00000000a1a00000,0x00000000a2210e78,0x00000000a4280000)
 Metaspace       used 24232K, capacity 24964K, committed 25216K, reserved 1071104K
  class space    used 3196K, capacity 3425K, committed 3456K, reserved 1048576K
}
Event: 18.013 GC heap before
{Heap before GC invocations=9 (full 1):
 PSYoungGen      total 105472K, used 103603K [0x00000000e0900000, 0x00000000ec000000, 0x0000000100000000)
  eden space 96768K, 100% used [0x00000000e0900000,0x00000000e6780000,0x00000000e6780000)
  from space 8704K, 78% used [0x00000000e6780000,0x00000000e6e2cc38,0x00000000e7000000)
  to   space 9216K, 0% used [0x00000000eb700000,0x00000000eb700000,0x00000000ec000000)
 ParOldGen       total 41472K, used 8259K [0x00000000a1a00000, 0x00000000a4280000, 0x00000000e0900000)
  object space 41472K, 19% used [0x00000000a1a00000,0x00000000a2210e78,0x00000000a4280000)
 Metaspace       used 27515K, capacity 28630K, committed 28928K, reserved 1075200K
  class space    used 3721K, capacity 3988K, committed 4096K, reserved 1048576K
Event: 18.038 GC heap after
Heap after GC invocations=9 (full 1):
 PSYoungGen      total 176128K, used 9215K [0x00000000e0900000, 0x00000000ec100000, 0x0000000100000000)
  eden space 166912K, 0% used [0x00000000e0900000,0x00000000e0900000,0x00000000eac00000)
  from space 9216K, 99% used [0x00000000eb700000,0x00000000ebfffc40,0x00000000ec000000)
  to   space 10752K, 0% used [0x00000000eac00000,0x00000000eac00000,0x00000000eb680000)
 ParOldGen       total 41472K, used 8973K [0x00000000a1a00000, 0x00000000a4280000, 0x00000000e0900000)
  object space 41472K, 21% used [0x00000000a1a00000,0x00000000a22c3430,0x00000000a4280000)
 Metaspace       used 27515K, capacity 28630K, committed 28928K, reserved 1075200K
  class space    used 3721K, capacity 3988K, committed 4096K, reserved 1048576K
}
Event: 22.885 GC heap before
{Heap before GC invocations=10 (full 1):
 PSYoungGen      total 176128K, used 176107K [0x00000000e0900000, 0x00000000ec100000, 0x0000000100000000)
  eden space 166912K, 99% used [0x00000000e0900000,0x00000000eabfb160,0x00000000eac00000)
  from space 9216K, 99% used [0x00000000eb700000,0x00000000ebfffc40,0x00000000ec000000)
  to   space 10752K, 0% used [0x00000000eac00000,0x00000000eac00000,0x00000000eb680000)
 ParOldGen       total 41472K, used 8973K [0x00000000a1a00000, 0x00000000a4280000, 0x00000000e0900000)
  object space 41472K, 21% used [0x00000000a1a00000,0x00000000a22c3430,0x00000000a4280000)
 Metaspace       used 33364K, capacity 35036K, committed 35328K, reserved 1079296K
  class space    used 4494K, capacity 4839K, committed 4864K, reserved 1048576K
Event: 22.938 GC heap after
Heap after GC invocations=10 (full 1):
 PSYoungGen      total 177664K, used 10746K [0x00000000e0900000, 0x00000000ec100000, 0x0000000100000000)
  eden space 166912K, 0% used [0x00000000e0900000,0x00000000e0900000,0x00000000eac00000)
  from space 10752K, 99% used [0x00000000eac00000,0x00000000eb67e8f8,0x00000000eb680000)
  to   space 9216K, 0% used [0x00000000eb700000,0x00000000eb700000,0x00000000ec000000)
 ParOldGen       total 41472K, used 15143K [0x00000000a1a00000, 0x00000000a4280000, 0x00000000e0900000)
  object space 41472K, 36% used [0x00000000a1a00000,0x00000000a28c9ed0,0x00000000a4280000)
 Metaspace       used 33364K, capacity 35036K, committed 35328K, reserved 1079296K
  class space    used 4494K, capacity 4839K, committed 4864K, reserved 1048576K
}
Event: 23.304 GC heap before
{Heap before GC invocations=11 (full 1):
 PSYoungGen      total 177664K, used 21132K [0x00000000e0900000, 0x00000000ec100000, 0x0000000100000000)
  eden space 166912K, 6% used [0x00000000e0900000,0x00000000e13247d0,0x00000000eac00000)
  from space 10752K, 99% used [0x00000000eac00000,0x00000000eb67e8f8,0x00000000eb680000)
  to   space 9216K, 0% used [0x00000000eb700000,0x00000000eb700000,0x00000000ec000000)
 ParOldGen       total 41472K, used 15143K [0x00000000a1a00000, 0x00000000a4280000, 0x00000000e0900000)
  object space 41472K, 36% used [0x00000000a1a00000,0x00000000a28c9ed0,0x00000000a4280000)
 Metaspace       used 33581K, capacity 35260K, committed 35456K, reserved 1079296K
  class space    used 4515K, capacity 4871K, committed 4992K, reserved 1048576K
Event: 23.433 GC heap after
Heap after GC invocations=11 (full 1):
 PSYoungGen      total 176128K, used 6373K [0x00000000e0900000, 0x00000000ec100000, 0x0000000100000000)
  eden space 166912K, 0% used [0x00000000e0900000,0x00000000e0900000,0x00000000eac00000)
  from space 9216K, 69% used [0x00000000eb700000,0x00000000ebd39668,0x00000000ec000000)
  to   space 10752K, 0% used [0x00000000eac00000,0x00000000eac00000,0x00000000eb680000)
 ParOldGen       total 41472K, used 19736K [0x00000000a1a00000, 0x00000000a4280000, 0x00000000e0900000)
  object space 41472K, 47% used [0x00000000a1a00000,0x00000000a2d46278,0x00000000a4280000)
 Metaspace       used 33581K, capacity 35260K, committed 35456K, reserved 1079296K
  class space    used 4515K, capacity 4871K, committed 4992K, reserved 1048576K
}
Event: 23.433 GC heap before
{Heap before GC invocations=12 (full 2):
 PSYoungGen      total 176128K, used 6373K [0x00000000e0900000, 0x00000000ec100000, 0x0000000100000000)
  eden space 166912K, 0% used [0x00000000e0900000,0x00000000e0900000,0x00000000eac00000)
  from space 9216K, 69% used [0x00000000eb700000,0x00000000ebd39668,0x00000000ec000000)
  to   space 10752K, 0% used [0x00000000eac00000,0x00000000eac00000,0x00000000eb680000)
 ParOldGen       total 41472K, used 19736K [0x00000000a1a00000, 0x00000000a4280000, 0x00000000e0900000)
  object space 41472K, 47% used [0x00000000a1a00000,0x00000000a2d46278,0x00000000a4280000)
 Metaspace       used 33581K, capacity 35260K, committed 35456K, reserved 1079296K
  class space    used 4515K, capacity 4871K, committed 4992K, reserved 1048576K
Event: 23.830 GC heap after
Heap after GC invocations=12 (full 2):
 PSYoungGen      total 176128K, used 0K [0x00000000e0900000, 0x00000000ec100000, 0x0000000100000000)
  eden space 166912K, 0% used [0x00000000e0900000,0x00000000e0900000,0x00000000eac00000)
  from space 9216K, 0% used [0x00000000eb700000,0x00000000eb700000,0x00000000ec000000)
  to   space 10752K, 0% used [0x00000000eac00000,0x00000000eac00000,0x00000000eb680000)
 ParOldGen       total 41472K, used 19397K [0x00000000a1a00000, 0x00000000a4280000, 0x00000000e0900000)
  object space 41472K, 46% used [0x00000000a1a00000,0x00000000a2cf1540,0x00000000a4280000)
 Metaspace       used 33581K, capacity 35260K, committed 35456K, reserved 1079296K
  class space    used 4515K, capacity 4871K, committed 4992K, reserved 1048576K
}

